#-----------------------------------------------------------
# Vivado v2022.2 (64-bit)
# SW Build 3671981 on Fri Oct 14 05:00:03 MDT 2022
# IP Build 3669848 on Fri Oct 14 08:30:02 MDT 2022
# Start of session at: Wed Nov  9 20:50:43 2022
# Process ID: 5552
# Current directory: C:/Users/Dushy/OneDrive/Desktop/GRADE_PREDICTOR-master/gp4/gp5/solution1/.autopilot/db/ip_tmp
# Command line: vivado.exe -notrace -log vivado.log -mode batch -source run_vivado_gen_ip.tcl
# Log file: C:/Users/Dushy/OneDrive/Desktop/GRADE_PREDICTOR-master/gp4/gp5/solution1/.autopilot/db/ip_tmp/vivado.log
# Journal file: C:/Users/Dushy/OneDrive/Desktop/GRADE_PREDICTOR-master/gp4/gp5/solution1/.autopilot/db/ip_tmp\vivado.jou
# Running On: MSI, OS: Windows, CPU Frequency: 2592 MHz, CPU Physical cores: 6, Host memory: 16991 MB
#-----------------------------------------------------------
source run_vivado_gen_ip.tcl -notrace
create_project: Time (s): cpu = 00:00:04 ; elapsed = 00:00:06 . Memory (MB): peak = 394.918 ; gain = 68.402
INFO: [IP_Flow 19-234] Refreshing IP repositories
INFO: [IP_Flow 19-1704] No user IP repositories specified
INFO: [IP_Flow 19-2313] Loaded Vivado IP repository 'E:/Vivado/Vivado/2022.2/data/ip'.
WARNING: [IP_Flow 19-4832] The IP name 'hand_num_nn_dadd_64ns_64ns_64_7_full_dsp_1_ip' you have specified is long. The Windows operating system has path length limitations. It is recommended you use shorter names to reduce the likelihood of issues.
INFO: [IP_Flow 19-1686] Generating 'Synthesis' target for IP 'hand_num_nn_dadd_64ns_64ns_64_7_full_dsp_1_ip'...
INFO: [IP_Flow 19-1686] Generating 'Simulation' target for IP 'hand_num_nn_dadd_64ns_64ns_64_7_full_dsp_1_ip'...
WARNING: [IP_Flow 19-4832] The IP name 'hand_num_nn_dmul_64ns_64ns_64_7_max_dsp_1_ip' you have specified is long. The Windows operating system has path length limitations. It is recommended you use shorter names to reduce the likelihood of issues.
INFO: [IP_Flow 19-1686] Generating 'Synthesis' target for IP 'hand_num_nn_dmul_64ns_64ns_64_7_max_dsp_1_ip'...
INFO: [IP_Flow 19-1686] Generating 'Simulation' target for IP 'hand_num_nn_dmul_64ns_64ns_64_7_max_dsp_1_ip'...
WARNING: [IP_Flow 19-4832] The IP name 'hand_num_nn_fpext_32ns_64_2_no_dsp_1_ip' you have specified is long. The Windows operating system has path length limitations. It is recommended you use shorter names to reduce the likelihood of issues.
INFO: [IP_Flow 19-1686] Generating 'Synthesis' target for IP 'hand_num_nn_fpext_32ns_64_2_no_dsp_1_ip'...
INFO: [IP_Flow 19-1686] Generating 'Simulation' target for IP 'hand_num_nn_fpext_32ns_64_2_no_dsp_1_ip'...
WARNING: [IP_Flow 19-4832] The IP name 'hand_num_nn_fptrunc_64ns_32_2_no_dsp_1_ip' you have specified is long. The Windows operating system has path length limitations. It is recommended you use shorter names to reduce the likelihood of issues.
INFO: [IP_Flow 19-1686] Generating 'Synthesis' target for IP 'hand_num_nn_fptrunc_64ns_32_2_no_dsp_1_ip'...
INFO: [IP_Flow 19-1686] Generating 'Simulation' target for IP 'hand_num_nn_fptrunc_64ns_32_2_no_dsp_1_ip'...
INFO: [Common 17-206] Exiting Vivado at Wed Nov  9 20:51:08 2022...
